<html>
<body>
<pre>
<h1>µVision Build Log</h1>
<h2>Tool Versions:</h2>
IDE-Version: ¦ÌVision V5.43.1.0
Copyright (C) 2025 ARM Ltd and ARM Germany GmbH. All rights reserved.
License Information: a c'z'w'x'k'n, a, LIC=JLB1Q-NXCV1-L0ENE-57YGA-VYYS7-LRVRS
 
Tool Versions:
Toolchain:       PK51 Prof. Developers Kit  Version: 9.59.0.0
Toolchain Path:  D:\software\keil\C51\BIN
C Compiler:      C51.exe V9.59.0.0
Assembler:       A51.exe V8.2.7.0
Linker/Locator:  BL51.exe V6.22.2.0
Library Manager: LIB51.exe V4.30.1.0
Hex Converter:   OH51.exe V2.7.0.0
CPU DLL:         S8051.DLL V3.122.0.0
Dialog DLL:      DP51.DLL V2.66.0.0 
<h2>Project:</h2>
D:\study\51\´´¿ÍÐ£Èü\project.uvproj
Project File Date:  11/29/2025

<h2>Output:</h2>
Build target 'Target_1'
compiling main.c...
calculator.h(38): error C202: 'P1': undefined identifier
calculator.h(39): error C202: 'P1': undefined identifier
calculator.h(40): error C202: 'P1': undefined identifier
calculator.h(41): error C202: 'P1': undefined identifier
calculator.h(42): error C202: 'P1': undefined identifier
calculator.h(43): error C202: 'P1': undefined identifier
calculator.h(44): error C202: 'P1': undefined identifier
calculator.h(45): error C202: 'P1': undefined identifier
calculator.h(47): error C202: 'P3': undefined identifier
calculator.h(48): error C202: 'P3': undefined identifier
calculator.h(49): error C202: 'P3': undefined identifier
calculator.h(50): error C202: 'P3': undefined identifier
calculator.h(53): error C202: 'P3': undefined identifier
calculator.h(54): error C202: 'P3': undefined identifier
calculator.h(55): error C202: 'P3': undefined identifier
compiling MatrixKey.c...
MatrixKey.c(57): error C174: return-expression on void-function
compiling LCD1602.c...
LCD1602.c(254): error C141: syntax error near 'char', expected '__asm'
LCD1602.c(254): error C202: 'mem_str': undefined identifier
LCD1602.c(254): error C141: syntax error near '{', expected 'sizeof'
LCD1602.c(254): error C141: syntax error near '}', expected ';'
LCD1602.c(257): error C202: 'mem_str': undefined identifier
LCD1602.c(264): error C141: syntax error near 'unsigned', expected 'sizeof'
LCD1602.c(264): error C202: 'i': undefined identifier
LCD1602.c(264): error C202: 'i': undefined identifier
LCD1602.c(264): error C202: 'i': undefined identifier
LCD1602.c(264): error C141: syntax error near ')', expected ';'
compiling garbage.c...
garbage.c(85): error C141: syntax error near 'sbit', expected 'bit'
garbage.c(87): error C202: 'key_pressed_flag': undefined identifier
garbage.c(88): error C202: 'key': undefined identifier
compiling compute.c...
calculator.h(38): error C202: 'P1': undefined identifier
calculator.h(39): error C202: 'P1': undefined identifier
calculator.h(40): error C202: 'P1': undefined identifier
calculator.h(41): error C202: 'P1': undefined identifier
calculator.h(42): error C202: 'P1': undefined identifier
calculator.h(43): error C202: 'P1': undefined identifier
calculator.h(44): error C202: 'P1': undefined identifier
calculator.h(45): error C202: 'P1': undefined identifier
calculator.h(47): error C202: 'P3': undefined identifier
calculator.h(48): error C202: 'P3': undefined identifier
calculator.h(49): error C202: 'P3': undefined identifier
calculator.h(50): error C202: 'P3': undefined identifier
calculator.h(53): error C202: 'P3': undefined identifier
calculator.h(54): error C202: 'P3': undefined identifier
calculator.h(55): error C202: 'P3': undefined identifier
compute.c(24): error C101: ''¡': invalid character constant
compute.c(24): error C101: '')': invalid character constant
compute.c(24): error C141: syntax error near '')', expected ','
compute.c(24): error C141: syntax error near 'expr', expected ';'
compute.c(25): error C141: syntax error near 'else', expected '__asm'
compute.c(25): error C101: ''¡': invalid character constant
compute.c(25): error C101: '')': invalid character constant
compute.c(25): error C141: syntax error near '')', expected ','
compute.c(25): error C141: syntax error near 'expr', expected ';'
compute.c(26): error C141: syntax error near 'else', expected '__asm'
compute.c(29): error C141: syntax error near 'double', expected '__asm'
compute.c(29): error C202: 'num_stack': undefined identifier
compute.c(30): error C141: syntax error near 'unsigned', expected '__asm'
compute.c(30): error C202: 'num_idx': undefined identifier
compute.c(31): error C141: syntax error near 'double', expected '__asm'
compute.c(31): error C202: 'num': undefined identifier
compute.c(32): error C141: syntax error near 'char', expected '__asm'
compute.c(32): error C202: 'p': undefined identifier
compute.c(33): error C202: 'p': undefined identifier
compute.c(35): error C202: 'p': undefined identifier
compute.c(37): error C202: 'num': undefined identifier
compute.c(38): error C202: 'p': undefined identifier
compute.c(39): error C202: 'p': undefined identifier
compute.c(41): error C202: 'num_idx': undefined identifier
compute.c(42): error C202: 'num': undefined identifier
compute.c(42): error C202: 'sign': undefined identifier
compute.c(45): error C202: 'p': undefined identifier
compute.c(45): error C202: 'op_idx': undefined identifier
compute.c(45): error C202: 'p': undefined identifier
compute.c(46): error C202: 'p': undefined identifier
compute.c(48): error C202: 'op_idx': undefined identifier
compute.c(50): error C202: 'num_idx': undefined identifier
compute.c(50): error C202: 'num_idx': undefined identifier
compute.c(51): error C202: 'op_idx': undefined identifier
compute.c(52): error C202: 'num_idx': undefined identifier
compute.c(54): error C202: 'op_idx': undefined identifier
compute.c(54): error C202: 'p': undefined identifier
compute.c(56): error C202: 'p': undefined identifier
compute.c(58): error C202: 'op_idx': undefined identifier
compute.c(60): error C202: 'num_idx': undefined identifier
compute.c(60): error C202: 'num_idx': undefined identifier
compute.c(61): error C202: 'op_idx': undefined identifier
compute.c(62): error C202: 'num_idx': undefined identifier
compute.c(64): error C202: 'op_idx': undefined identifier
compute.c(64): error C202: 'p': undefined identifier
compute.c(66): error C202: 'p': undefined identifier
compute.c(68): error C202: 'op_idx': undefined identifier
compute.c(70): error C202: 'num_idx': undefined identifier
compute.c(70): error C202: 'num_idx': undefined identifier
compute.c(71): error C202: 'op_idx': undefined identifier
compute.c(72): error C202: 'num_idx': undefined identifier
compute.c(74): error C202: 'op_idx': undefined identifier
compute.c(74): error C202: 'p': undefined identifier
compute.c(75): error C202: 'p': undefined identifier
compute.c(77): error C202: 'op_idx': undefined identifier
compute.c(79): error C202: 'num_idx': undefined identifier
compute.c(79): error C202: 'num_idx': undefined identifier
compute.c(80): error C202: 'op_idx': undefined identifier
compute.c(81): error C202: 'num_idx': undefined identifier
compute.c(83): error C202: 'num_stack': undefined identifier
Target not created.
Build Time Elapsed:  00:00:02
</pre>
</body>
</html>
